[2025-02-06 14:55:31] [INFO    ] discord.client: logging in using static token
[2025-02-06 14:55:32] [INFO    ] discord.gateway: Shard ID None has connected to Gateway (Session ID: 1ca128c2cf74ebe57ebdd1d09c3c01c3).
[LOG] Logged in as Comunidade XB#4058
[LOG] Solution posted successfully: 2b2rk1/2q1brpp/p1n1p1n1/1pppP3/5PQP/P1PP1N2/BP2N3/R1B2R1K w - - 1 22
[2025-02-06 15:11:46] [INFO    ] discord.client: logging in using static token
[2025-02-06 15:11:47] [INFO    ] discord.gateway: Shard ID None has connected to Gateway (Session ID: 115b0f7289dab7725c71f4292b453adc).
[LOG] Logged in as Comunidade XB#4058
[ERROR] No puzzle file found. Did you run the morning puzzle job?
[2025-02-06 15:28:17] [INFO    ] discord.client: logging in using static token
[2025-02-06 15:28:18] [INFO    ] discord.gateway: Shard ID None has connected to Gateway (Session ID: f1d1ed5716b4bfe9f9ee2b9f639e66d8).
[LOG] Logged in as Comunidade XB#4058
[LOG] Solution posted successfully: 2b2rk1/2q1brpp/p1n1p1n1/1pppP3/5PQP/P1PP1N2/BP2N3/R1B2R1K w - - 1 22
[2025-02-06 15:34:48] [INFO    ] discord.client: logging in using static token
[2025-02-06 15:34:50] [INFO    ] discord.gateway: Shard ID None has connected to Gateway (Session ID: 99aebeccb6e9f6b719170bceb2d417aa).
[LOG] Logged in as Comunidade XB#4058
[ERROR] No puzzle file found. Did you run the morning puzzle job?
[2025-02-06 15:39:55] [INFO    ] discord.client: logging in using static token
[2025-02-06 15:39:57] [INFO    ] discord.gateway: Shard ID None has connected to Gateway (Session ID: 9d9d2dd2a266269c4340b55040f2c199).
[LOG] Logged in as Comunidade XB#4058
[LOG] Solution posted successfully: 2b2rk1/2q1brpp/p1n1p1n1/1pppP3/5PQP/P1PP1N2/BP2N3/R1B2R1K w - - 1 22
[2025-02-06 16:37:19] [INFO    ] discord.client: logging in using static token
[2025-02-06 16:37:20] [INFO    ] discord.gateway: Shard ID None has connected to Gateway (Session ID: f8de19656db3c9d54831a141d3956be3).
[LOG] Logged in as Comunidade XB#4058
[LOG] Solution posted successfully: r4rk1/pb4p1/2p4p/3p4/2pQ2P1/2N2q2/PPP2P1R/2K4R w - - 0 24
[2025-02-06 16:43:19] [INFO    ] discord.client: logging in using static token
[2025-02-06 16:43:20] [INFO    ] discord.gateway: Shard ID None has connected to Gateway (Session ID: 7371fea7bc4b8dbce657c029fe6a8a20).
[LOG] Logged in as Comunidade XB#4058
[LOG] Solution posted successfully: 4r1k1/p4pp1/6qp/3P4/8/2Qp3b/PP3RP1/4B1K1 b - - 2 27
[2025-02-06 16:46:20] [INFO    ] discord.client: logging in using static token
[2025-02-06 16:46:21] [INFO    ] discord.gateway: Shard ID None has connected to Gateway (Session ID: 1f34e680189ec5b239981f5fa5d12637).
[LOG] Logged in as Comunidade XB#4058
[LOG] Solution posted successfully: r4rk1/1ppqbpp1/p1n1b2p/3pP1NQ/3P4/2PB2P1/PP5P/R1B2RK1 b - - 8 17
[2025-02-06 16:50:24] [INFO    ] discord.client: logging in using static token
[2025-02-06 16:50:26] [INFO    ] discord.gateway: Shard ID None has connected to Gateway (Session ID: 8e9c6a0b3d1e43bc192c8afbaf5573ad).
[LOG] Logged in as Comunidade XB#4058
[LOG] Solution posted and pinned successfully: 6k1/ppp2r1p/4p1pB/2Pn2R1/3P3P/6Q1/PP4PK/1q6 w - - 5 36
[2025-02-08 14:37:26] [INFO    ] discord.client: logging in using static token
[2025-02-08 14:37:27] [INFO    ] discord.gateway: Shard ID None has connected to Gateway (Session ID: 6bbd0cdaa3e44a32812061d38f6bda9b).
[LOG] Logged in as Comunidade XB#4058
[LOG] Solution posted and pinned successfully: r1b5/5N2/p1p1r1kp/2Npp3/1P3b2/P1PP3P/6P1/4RR1K b - - 4 27
